This is pdfTeX, Version 3.141592653-2.6-1.40.24 (TeX Live 2022) (preloaded format=pdflatex 2022.5.11)  19 MAY 2022 11:20
entering extended mode
 restricted \write18 enabled.
 file:line:error style messages enabled.
 %&-line parsing enabled.
**_main.tex
(./_main.tex
LaTeX2e <2021-11-15> patch level 1
L3 programming layer <2022-02-24>
(/usr/local/texlive/2022/texmf-dist/tex/latex/base/book.cls
Document Class: book 2021/10/04 v1.4n Standard LaTeX document class
(/usr/local/texlive/2022/texmf-dist/tex/latex/base/bk10.clo
File: bk10.clo 2021/10/04 v1.4n Standard LaTeX file (size option)
)
\c@part=\count185
\c@chapter=\count186
\c@section=\count187
\c@subsection=\count188
\c@subsubsection=\count189
\c@paragraph=\count190
\c@subparagraph=\count191
\c@figure=\count192
\c@table=\count193
\abovecaptionskip=\skip47
\belowcaptionskip=\skip48
\bibindent=\dimen138
)
(/usr/local/texlive/2022/texmf-dist/tex/latex/amsmath/amsmath.sty
Package: amsmath 2021/10/15 v2.17l AMS math features
\@mathmargin=\skip49

For additional information on amsmath, use the `?' option.
(/usr/local/texlive/2022/texmf-dist/tex/latex/amsmath/amstext.sty
Package: amstext 2021/08/26 v2.01 AMS text

(/usr/local/texlive/2022/texmf-dist/tex/latex/amsmath/amsgen.sty
File: amsgen.sty 1999/11/30 v2.0 generic functions
\@emptytoks=\toks16
\ex@=\dimen139
))
(/usr/local/texlive/2022/texmf-dist/tex/latex/amsmath/amsbsy.sty
Package: amsbsy 1999/11/29 v1.2d Bold Symbols
\pmbraise@=\dimen140
)
(/usr/local/texlive/2022/texmf-dist/tex/latex/amsmath/amsopn.sty
Package: amsopn 2021/08/26 v2.02 operator names
)
\inf@bad=\count194
LaTeX Info: Redefining \frac on input line 234.
\uproot@=\count195
\leftroot@=\count196
LaTeX Info: Redefining \overline on input line 399.
\classnum@=\count197
\DOTSCASE@=\count198
LaTeX Info: Redefining \ldots on input line 496.
LaTeX Info: Redefining \dots on input line 499.
LaTeX Info: Redefining \cdots on input line 620.
\Mathstrutbox@=\box50
\strutbox@=\box51
\big@size=\dimen141
LaTeX Font Info:    Redeclaring font encoding OML on input line 743.
LaTeX Font Info:    Redeclaring font encoding OMS on input line 744.
\macc@depth=\count199
\c@MaxMatrixCols=\count266
\dotsspace@=\muskip16
\c@parentequation=\count267
\dspbrk@lvl=\count268
\tag@help=\toks17
\row@=\count269
\column@=\count270
\maxfields@=\count271
\andhelp@=\toks18
\eqnshift@=\dimen142
\alignsep@=\dimen143
\tagshift@=\dimen144
\tagwidth@=\dimen145
\totwidth@=\dimen146
\lineht@=\dimen147
\@envbody=\toks19
\multlinegap=\skip50
\multlinetaggap=\skip51
\mathdisplay@stack=\toks20
LaTeX Info: Redefining \[ on input line 2938.
LaTeX Info: Redefining \] on input line 2939.
)
(/usr/local/texlive/2022/texmf-dist/tex/latex/amsfonts/amssymb.sty
Package: amssymb 2013/01/14 v3.01 AMS font symbols

(/usr/local/texlive/2022/texmf-dist/tex/latex/amsfonts/amsfonts.sty
Package: amsfonts 2013/01/14 v3.01 Basic AMSFonts support
\symAMSa=\mathgroup4
\symAMSb=\mathgroup5
LaTeX Font Info:    Redeclaring math symbol \hbar on input line 98.
LaTeX Font Info:    Overwriting math alphabet `\mathfrak' in version `bold'
(Font)                  U/euf/m/n --> U/euf/b/n on input line 106.
))
(/usr/local/texlive/2022/texmf-dist/tex/latex/lm/lmodern.sty
Package: lmodern 2015/05/01 v1.6.1 Latin Modern Fonts
LaTeX Font Info:    Overwriting symbol font `operators' in version `normal'
(Font)                  OT1/cmr/m/n --> OT1/lmr/m/n on input line 22.
LaTeX Font Info:    Overwriting symbol font `letters' in version `normal'
(Font)                  OML/cmm/m/it --> OML/lmm/m/it on input line 23.
LaTeX Font Info:    Overwriting symbol font `symbols' in version `normal'
(Font)                  OMS/cmsy/m/n --> OMS/lmsy/m/n on input line 24.
LaTeX Font Info:    Overwriting symbol font `largesymbols' in version `normal'
(Font)                  OMX/cmex/m/n --> OMX/lmex/m/n on input line 25.
LaTeX Font Info:    Overwriting symbol font `operators' in version `bold'
(Font)                  OT1/cmr/bx/n --> OT1/lmr/bx/n on input line 26.
LaTeX Font Info:    Overwriting symbol font `letters' in version `bold'
(Font)                  OML/cmm/b/it --> OML/lmm/b/it on input line 27.
LaTeX Font Info:    Overwriting symbol font `symbols' in version `bold'
(Font)                  OMS/cmsy/b/n --> OMS/lmsy/b/n on input line 28.
LaTeX Font Info:    Overwriting symbol font `largesymbols' in version `bold'
(Font)                  OMX/cmex/m/n --> OMX/lmex/m/n on input line 29.
LaTeX Font Info:    Overwriting math alphabet `\mathbf' in version `normal'
(Font)                  OT1/cmr/bx/n --> OT1/lmr/bx/n on input line 31.
LaTeX Font Info:    Overwriting math alphabet `\mathsf' in version `normal'
(Font)                  OT1/cmss/m/n --> OT1/lmss/m/n on input line 32.
LaTeX Font Info:    Overwriting math alphabet `\mathit' in version `normal'
(Font)                  OT1/cmr/m/it --> OT1/lmr/m/it on input line 33.
LaTeX Font Info:    Overwriting math alphabet `\mathtt' in version `normal'
(Font)                  OT1/cmtt/m/n --> OT1/lmtt/m/n on input line 34.
LaTeX Font Info:    Overwriting math alphabet `\mathbf' in version `bold'
(Font)                  OT1/cmr/bx/n --> OT1/lmr/bx/n on input line 35.
LaTeX Font Info:    Overwriting math alphabet `\mathsf' in version `bold'
(Font)                  OT1/cmss/bx/n --> OT1/lmss/bx/n on input line 36.
LaTeX Font Info:    Overwriting math alphabet `\mathit' in version `bold'
(Font)                  OT1/cmr/bx/it --> OT1/lmr/bx/it on input line 37.
LaTeX Font Info:    Overwriting math alphabet `\mathtt' in version `bold'
(Font)                  OT1/cmtt/m/n --> OT1/lmtt/m/n on input line 38.
)
(/usr/local/texlive/2022/texmf-dist/tex/generic/iftex/iftex.sty
Package: iftex 2022/02/03 v1.0f TeX engine tests
)
(/usr/local/texlive/2022/texmf-dist/tex/latex/base/fontenc.sty
Package: fontenc 2021/04/29 v2.0v Standard LaTeX package
LaTeX Font Info:    Trying to load font information for T1+lmr on input line 11
2.

(/usr/local/texlive/2022/texmf-dist/tex/latex/lm/t1lmr.fd
File: t1lmr.fd 2015/05/01 v1.6.1 Font defs for Latin Modern
))
(/usr/local/texlive/2022/texmf-dist/tex/latex/base/inputenc.sty
Package: inputenc 2021/02/14 v1.3d Input encoding file
\inpenc@prehook=\toks21
\inpenc@posthook=\toks22
)
(/usr/local/texlive/2022/texmf-dist/tex/latex/base/textcomp.sty
Package: textcomp 2020/02/02 v2.0n Standard LaTeX package
)
(/usr/local/texlive/2022/texmf-dist/tex/latex/upquote/upquote.sty
Package: upquote 2012/04/19 v1.3 upright-quote and grave-accent glyphs in verba
tim
)
(/usr/local/texlive/2022/texmf-dist/tex/latex/microtype/microtype.sty
Package: microtype 2022/03/14 v3.0d Micro-typographical refinements (RS)

(/usr/local/texlive/2022/texmf-dist/tex/latex/graphics/keyval.sty
Package: keyval 2014/10/28 v1.15 key=value parser (DPC)
\KV@toks@=\toks23
)
(/usr/local/texlive/2022/texmf-dist/tex/latex/etoolbox/etoolbox.sty
Package: etoolbox 2020/10/05 v2.5k e-TeX tools for LaTeX (JAW)
\etb@tempcnta=\count272
)
\MT@toks=\toks24
\MT@tempbox=\box52
\MT@count=\count273
LaTeX Info: Redefining \noprotrusionifhmode on input line 1027.
LaTeX Info: Redefining \leftprotrusion on input line 1028.
LaTeX Info: Redefining \rightprotrusion on input line 1036.
LaTeX Info: Redefining \textls on input line 1195.
\MT@outer@kern=\dimen148
LaTeX Info: Redefining \textmicrotypecontext on input line 1781.
\MT@listname@count=\count274

(/usr/local/texlive/2022/texmf-dist/tex/latex/microtype/microtype-pdftex.def
File: microtype-pdftex.def 2022/03/14 v3.0d Definitions specific to pdftex (RS)

LaTeX Info: Redefining \lsstyle on input line 900.
LaTeX Info: Redefining \lslig on input line 900.
\MT@outer@space=\skip52
)
Package microtype Info: Loading configuration file microtype.cfg.

(/usr/local/texlive/2022/texmf-dist/tex/latex/microtype/microtype.cfg
File: microtype.cfg 2022/03/14 v3.0d microtype main configuration file (RS)
))
(/usr/local/texlive/2022/texmf-dist/tex/latex/parskip/parskip.sty
Package: parskip 2021-03-14 v2.0h non-zero parskip adjustments

(/usr/local/texlive/2022/texmf-dist/tex/latex/kvoptions/kvoptions.sty
Package: kvoptions 2020-10-07 v3.14 Key value format for package options (HO)

(/usr/local/texlive/2022/texmf-dist/tex/generic/ltxcmds/ltxcmds.sty
Package: ltxcmds 2020-05-10 v1.25 LaTeX kernel commands for general use (HO)
)
(/usr/local/texlive/2022/texmf-dist/tex/generic/kvsetkeys/kvsetkeys.sty
Package: kvsetkeys 2019/12/15 v1.18 Key value parser (HO)
)))
(/usr/local/texlive/2022/texmf-dist/tex/latex/xcolor/xcolor.sty
Package: xcolor 2021/10/31 v2.13 LaTeX color extensions (UK)

(/usr/local/texlive/2022/texmf-dist/tex/latex/graphics-cfg/color.cfg
File: color.cfg 2016/01/02 v1.6 sample color configuration
)
Package xcolor Info: Driver file: pdftex.def on input line 227.

(/usr/local/texlive/2022/texmf-dist/tex/latex/graphics-def/pdftex.def
File: pdftex.def 2020/10/05 v1.2a Graphics/color driver for pdftex
)
Package xcolor Info: Model `cmy' substituted by `cmy0' on input line 1352.
Package xcolor Info: Model `hsb' substituted by `rgb' on input line 1356.
Package xcolor Info: Model `RGB' extended on input line 1368.
Package xcolor Info: Model `HTML' substituted by `rgb' on input line 1370.
Package xcolor Info: Model `Hsb' substituted by `hsb' on input line 1371.
Package xcolor Info: Model `tHsb' substituted by `hsb' on input line 1372.
Package xcolor Info: Model `HSB' substituted by `hsb' on input line 1373.
Package xcolor Info: Model `Gray' substituted by `gray' on input line 1374.
Package xcolor Info: Model `wave' substituted by `hsb' on input line 1375.
)
(/usr/local/texlive/2022/texmf-dist/tex/latex/xurl/xurl.sty
Package: xurl 2022/01/09 v 0.10 modify URL breaks

(/usr/local/texlive/2022/texmf-dist/tex/latex/url/url.sty
\Urlmuskip=\muskip17
Package: url 2013/09/16  ver 3.4  Verb mode for urls, etc.
))
(/usr/local/texlive/2022/texmf-dist/tex/latex/bookmark/bookmark.sty
Package: bookmark 2020-11-06 v1.29 PDF bookmarks (HO)

(/usr/local/texlive/2022/texmf-dist/tex/latex/hyperref/hyperref.sty
Package: hyperref 2022-02-21 v7.00n Hypertext links for LaTeX

(/usr/local/texlive/2022/texmf-dist/tex/generic/pdftexcmds/pdftexcmds.sty
Package: pdftexcmds 2020-06-27 v0.33 Utility functions of pdfTeX for LuaTeX (HO
)

(/usr/local/texlive/2022/texmf-dist/tex/generic/infwarerr/infwarerr.sty
Package: infwarerr 2019/12/03 v1.5 Providing info/warning/error messages (HO)
)
Package pdftexcmds Info: \pdf@primitive is available.
Package pdftexcmds Info: \pdf@ifprimitive is available.
Package pdftexcmds Info: \pdfdraftmode found.
)
(/usr/local/texlive/2022/texmf-dist/tex/generic/kvdefinekeys/kvdefinekeys.sty
Package: kvdefinekeys 2019-12-19 v1.6 Define keys (HO)
)
(/usr/local/texlive/2022/texmf-dist/tex/generic/pdfescape/pdfescape.sty
Package: pdfescape 2019/12/09 v1.15 Implements pdfTeX's escape features (HO)
)
(/usr/local/texlive/2022/texmf-dist/tex/latex/hycolor/hycolor.sty
Package: hycolor 2020-01-27 v1.10 Color options for hyperref/bookmark (HO)
)
(/usr/local/texlive/2022/texmf-dist/tex/latex/letltxmacro/letltxmacro.sty
Package: letltxmacro 2019/12/03 v1.6 Let assignment for LaTeX macros (HO)
)
(/usr/local/texlive/2022/texmf-dist/tex/latex/auxhook/auxhook.sty
Package: auxhook 2019-12-17 v1.6 Hooks for auxiliary files (HO)
)
\@linkdim=\dimen149
\Hy@linkcounter=\count275
\Hy@pagecounter=\count276

(/usr/local/texlive/2022/texmf-dist/tex/latex/hyperref/pd1enc.def
File: pd1enc.def 2022-02-21 v7.00n Hyperref: PDFDocEncoding definition (HO)
Now handling font encoding PD1 ...
... no UTF-8 mapping file for font encoding PD1
)
(/usr/local/texlive/2022/texmf-dist/tex/generic/intcalc/intcalc.sty
Package: intcalc 2019/12/15 v1.3 Expandable calculations with integers (HO)
)
(/usr/local/texlive/2022/texmf-dist/tex/generic/etexcmds/etexcmds.sty
Package: etexcmds 2019/12/15 v1.7 Avoid name clashes with e-TeX commands (HO)
)
\Hy@SavedSpaceFactor=\count277

(/usr/local/texlive/2022/texmf-dist/tex/latex/hyperref/puenc.def
File: puenc.def 2022-02-21 v7.00n Hyperref: PDF Unicode definition (HO)
Now handling font encoding PU ...
... no UTF-8 mapping file for font encoding PU
)
Package hyperref Info: Option `unicode' set `true' on input line 4018.
Package hyperref Info: Hyper figures OFF on input line 4137.
Package hyperref Info: Link nesting OFF on input line 4142.
Package hyperref Info: Hyper index ON on input line 4145.
Package hyperref Info: Plain pages OFF on input line 4152.
Package hyperref Info: Backreferencing OFF on input line 4157.
Package hyperref Info: Implicit mode ON; LaTeX internals redefined.
Package hyperref Info: Bookmarks ON on input line 4390.
\c@Hy@tempcnt=\count278
LaTeX Info: Redefining \url on input line 4749.
\XeTeXLinkMargin=\dimen150

(/usr/local/texlive/2022/texmf-dist/tex/generic/bitset/bitset.sty
Package: bitset 2019/12/09 v1.3 Handle bit-vector datatype (HO)

(/usr/local/texlive/2022/texmf-dist/tex/generic/bigintcalc/bigintcalc.sty
Package: bigintcalc 2019/12/15 v1.5 Expandable calculations on big integers (HO
)
))
\Fld@menulength=\count279
\Field@Width=\dimen151
\Fld@charsize=\dimen152
Package hyperref Info: Hyper figures OFF on input line 6027.
Package hyperref Info: Link nesting OFF on input line 6032.
Package hyperref Info: Hyper index ON on input line 6035.
Package hyperref Info: backreferencing OFF on input line 6042.
Package hyperref Info: Link coloring OFF on input line 6047.
Package hyperref Info: Link coloring with OCG OFF on input line 6052.
Package hyperref Info: PDF/A mode OFF on input line 6057.
LaTeX Info: Redefining \ref on input line 6097.
LaTeX Info: Redefining \pageref on input line 6101.

(/usr/local/texlive/2022/texmf-dist/tex/latex/base/atbegshi-ltx.sty
Package: atbegshi-ltx 2021/01/10 v1.0c Emulation of the original atbegshi
package with kernel methods
)
\Hy@abspage=\count280
\c@Item=\count281
\c@Hfootnote=\count282
)
Package hyperref Info: Driver (autodetected): hpdftex.

(/usr/local/texlive/2022/texmf-dist/tex/latex/hyperref/hpdftex.def
File: hpdftex.def 2022-02-21 v7.00n Hyperref driver for pdfTeX

(/usr/local/texlive/2022/texmf-dist/tex/latex/base/atveryend-ltx.sty
Package: atveryend-ltx 2020/08/19 v1.0a Emulation of the original atveryend pac
kage
with kernel methods
)
\Fld@listcount=\count283
\c@bookmark@seq@number=\count284

(/usr/local/texlive/2022/texmf-dist/tex/latex/rerunfilecheck/rerunfilecheck.sty
Package: rerunfilecheck 2019/12/05 v1.9 Rerun checks for auxiliary files (HO)

(/usr/local/texlive/2022/texmf-dist/tex/generic/uniquecounter/uniquecounter.sty
Package: uniquecounter 2019/12/15 v1.4 Provide unlimited unique counter (HO)
)
Package uniquecounter Info: New unique counter `rerunfilecheck' on input line 2
86.
)
\Hy@SectionHShift=\skip53
) (/usr/local/texlive/2022/texmf-dist/tex/latex/bookmark/bkm-pdftex.def
File: bkm-pdftex.def 2020-11-06 v1.29 bookmark driver for pdfTeX (HO)
\BKM@id=\count285
))
(/usr/local/texlive/2022/texmf-dist/tex/latex/fancyvrb/fancyvrb.sty
Package: fancyvrb 2021/12/21 4.1b verbatim text (tvz,hv)
\FV@CodeLineNo=\count286
\FV@InFile=\read2
\FV@TabBox=\box53
\c@FancyVerbLine=\count287
\FV@StepNumber=\count288
\FV@OutFile=\write3
)
(/usr/local/texlive/2022/texmf-dist/tex/latex/framed/framed.sty
Package: framed 2011/10/22 v 0.96: framed or shaded text with page breaks
\OuterFrameSep=\skip54
\fb@frw=\dimen153
\fb@frh=\dimen154
\FrameRule=\dimen155
\FrameSep=\dimen156
)
(/usr/local/texlive/2022/texmf-dist/tex/latex/tools/longtable.sty
Package: longtable 2021-09-01 v4.17 Multi-page Table package (DPC)
\LTleft=\skip55
\LTright=\skip56
\LTpre=\skip57
\LTpost=\skip58
\LTchunksize=\count289
\LTcapwidth=\dimen157
\LT@head=\box54
\LT@firsthead=\box55
\LT@foot=\box56
\LT@lastfoot=\box57
\LT@gbox=\box58
\LT@cols=\count290
\LT@rows=\count291
\c@LT@tables=\count292
\c@LT@chunks=\count293
\LT@p@ftn=\toks25
)
(/usr/local/texlive/2022/texmf-dist/tex/latex/booktabs/booktabs.sty
Package: booktabs 2020/01/12 v1.61803398 Publication quality tables
\heavyrulewidth=\dimen158
\lightrulewidth=\dimen159
\cmidrulewidth=\dimen160
\belowrulesep=\dimen161
\belowbottomsep=\dimen162
\aboverulesep=\dimen163
\abovetopsep=\dimen164
\cmidrulesep=\dimen165
\cmidrulekern=\dimen166
\defaultaddspace=\dimen167
\@cmidla=\count294
\@cmidlb=\count295
\@aboverulesep=\dimen168
\@belowrulesep=\dimen169
\@thisruleclass=\count296
\@lastruleclass=\count297
\@thisrulewidth=\dimen170
)
(/usr/local/texlive/2022/texmf-dist/tex/latex/tools/array.sty
Package: array 2021/10/04 v2.5f Tabular extension package (FMi)
\col@sep=\dimen171
\ar@mcellbox=\box59
\extrarowheight=\dimen172
\NC@list=\toks26
\extratabsurround=\skip59
\backup@length=\skip60
\ar@cellbox=\box60
)
(/usr/local/texlive/2022/texmf-dist/tex/latex/tools/calc.sty
Package: calc 2017/05/25 v4.3 Infix arithmetic (KKT,FJ)
\calc@Acount=\count298
\calc@Bcount=\count299
\calc@Adimen=\dimen173
\calc@Bdimen=\dimen174
\calc@Askip=\skip61
\calc@Bskip=\skip62
LaTeX Info: Redefining \setlength on input line 80.
LaTeX Info: Redefining \addtolength on input line 81.
\calc@Ccount=\count300
\calc@Cskip=\skip63
)
(/usr/local/texlive/2022/texmf-dist/tex/latex/footnotehyper/footnotehyper.sty
Package: footnotehyper 2021/08/13 v1.1e hyperref aware footnote.sty (JFB)
\FNH@notes=\box61
\FNH@width=\dimen175
\FNH@toks=\toks27
)
(/usr/local/texlive/2022/texmf-dist/tex/latex/graphics/graphicx.sty
Package: graphicx 2021/09/16 v1.2d Enhanced LaTeX Graphics (DPC,SPQR)

(/usr/local/texlive/2022/texmf-dist/tex/latex/graphics/graphics.sty
Package: graphics 2021/03/04 v1.4d Standard LaTeX Graphics (DPC,SPQR)

(/usr/local/texlive/2022/texmf-dist/tex/latex/graphics/trig.sty
Package: trig 2021/08/11 v1.11 sin cos tan (DPC)
)
(/usr/local/texlive/2022/texmf-dist/tex/latex/graphics-cfg/graphics.cfg
File: graphics.cfg 2016/06/04 v1.11 sample graphics configuration
)
Package graphics Info: Driver file: pdftex.def on input line 107.
)
\Gin@req@height=\dimen176
\Gin@req@width=\dimen177
)
(/usr/local/texlive/2022/texmf-dist/tex/latex/amscls/amsthm.sty
Package: amsthm 2020/05/29 v2.20.6
\thm@style=\toks28
\thm@bodyfont=\toks29
\thm@headfont=\toks30
\thm@notefont=\toks31
\thm@headpunct=\toks32
\thm@preskip=\skip64
\thm@postskip=\skip65
\thm@headsep=\skip66
\dth@everypar=\toks33
)
(/usr/local/texlive/2022/texmf-dist/tex/latex/bbm-macros/bbm.sty
Package: bbm 1999/03/15 V 1.2 provides fonts for set symbols - TH
LaTeX Font Info:    Overwriting math alphabet `\mathbbm' in version `bold'
(Font)                  U/bbm/m/n --> U/bbm/bx/n on input line 33.
LaTeX Font Info:    Overwriting math alphabet `\mathbbmss' in version `bold'
(Font)                  U/bbmss/m/n --> U/bbmss/bx/n on input line 35.
)
(/usr/local/texlive/2022/texmf-dist/tex/latex/setspace/setspace.sty
Package: setspace 2011/12/19 v6.7a set line spacing
)
(/usr/local/texlive/2022/texmf-dist/tex/latex/bigints/bigints.sty
Package: bigints 2010/02/15 Writing big integrals
Package bigints Info: This is Bigints by Merciadri Luca. on input line 5.
)
(/usr/local/texlive/2022/texmf-dist/tex/latex/natbib/natbib.sty
Package: natbib 2010/09/13 8.31b (PWD, AO)
\bibhang=\skip67
\bibsep=\skip68
LaTeX Info: Redefining \cite on input line 694.
\c@NAT@ctr=\count301
)
(/usr/local/texlive/2022/texmf-dist/tex/latex/l3backend/l3backend-pdftex.def
File: l3backend-pdftex.def 2022-02-07 L3 backend support: PDF output (pdfTeX)
\l__color_backend_stack_int=\count302
\l__pdf_internal_box=\box62
)
(./_main.aux)
\openout1 = `_main.aux'.

LaTeX Font Info:    Checking defaults for OML/cmm/m/it on input line 133.
LaTeX Font Info:    ... okay on input line 133.
LaTeX Font Info:    Checking defaults for OMS/cmsy/m/n on input line 133.
LaTeX Font Info:    ... okay on input line 133.
LaTeX Font Info:    Checking defaults for OT1/cmr/m/n on input line 133.
LaTeX Font Info:    ... okay on input line 133.
LaTeX Font Info:    Checking defaults for T1/cmr/m/n on input line 133.
LaTeX Font Info:    ... okay on input line 133.
LaTeX Font Info:    Checking defaults for TS1/cmr/m/n on input line 133.
LaTeX Font Info:    ... okay on input line 133.
LaTeX Font Info:    Checking defaults for OMX/cmex/m/n on input line 133.
LaTeX Font Info:    ... okay on input line 133.
LaTeX Font Info:    Checking defaults for U/cmr/m/n on input line 133.
LaTeX Font Info:    ... okay on input line 133.
LaTeX Font Info:    Checking defaults for PD1/pdf/m/n on input line 133.
LaTeX Font Info:    ... okay on input line 133.
LaTeX Font Info:    Checking defaults for PU/pdf/m/n on input line 133.
LaTeX Font Info:    ... okay on input line 133.
LaTeX Info: Redefining \microtypecontext on input line 133.
Package microtype Info: Applying patch `item' on input line 133.
Package microtype Info: Applying patch `toc' on input line 133.
Package microtype Info: Applying patch `eqnum' on input line 133.


Package microtype Warning: Unable to apply patch `footnote' on input line 133.

Package microtype Info: Generating PDF output.
Package microtype Info: Character protrusion enabled (level 2).
Package microtype Info: Using protrusion set `basicmath'.
Package microtype Info: Automatic font expansion enabled (level 2),
(microtype)             stretch: 20, shrink: 20, step: 1, non-selected.
Package microtype Info: Using default expansion set `alltext-nott'.
LaTeX Info: Redefining \showhyphens on input line 133.
Package microtype Info: No adjustment of tracking.
Package microtype Info: No adjustment of interword spacing.
Package microtype Info: No adjustment of character kerning.
(/usr/local/texlive/2022/texmf-dist/tex/latex/microtype/mt-cmr.cfg
File: mt-cmr.cfg 2013/05/19 v2.2 microtype config. file: Computer Modern Roman 
(RS)
)
(/usr/local/texlive/2022/texmf-dist/tex/context/base/mkii/supp-pdf.mkii
[Loading MPS to PDF converter (version 2006.09.02).]
\scratchcounter=\count303
\scratchdimen=\dimen178
\scratchbox=\box63
\nofMPsegments=\count304
\nofMParguments=\count305
\everyMPshowfont=\toks34
\MPscratchCnt=\count306
\MPscratchDim=\dimen179
\MPnumerator=\count307
\makeMPintoPDFobject=\count308
\everyMPtoPDFconversion=\toks35
) (/usr/local/texlive/2022/texmf-dist/tex/latex/epstopdf-pkg/epstopdf-base.sty
Package: epstopdf-base 2020-01-24 v2.11 Base part for package epstopdf
Package epstopdf-base Info: Redefining graphics rule for `.eps' on input line 4
85.

(/usr/local/texlive/2022/texmf-dist/tex/latex/latexconfig/epstopdf-sys.cfg
File: epstopdf-sys.cfg 2010/07/13 v1.3 Configuration of (r)epstopdf for TeX Liv
e
))
Package hyperref Info: Link coloring OFF on input line 133.

(/usr/local/texlive/2022/texmf-dist/tex/latex/hyperref/nameref.sty
Package: nameref 2021-04-02 v2.47 Cross-referencing by name of section

(/usr/local/texlive/2022/texmf-dist/tex/latex/refcount/refcount.sty
Package: refcount 2019/12/15 v3.6 Data extraction from label references (HO)
)
(/usr/local/texlive/2022/texmf-dist/tex/generic/gettitlestring/gettitlestring.s
ty
Package: gettitlestring 2019/12/15 v1.6 Cleanup title references (HO)
)
\c@section@level=\count309
)
LaTeX Info: Redefining \ref on input line 133.
LaTeX Info: Redefining \pageref on input line 133.
LaTeX Info: Redefining \nameref on input line 133.
LaTeX Font Info:    Trying to load font information for OT1+lmr on input line 1
35.
 (/usr/local/texlive/2022/texmf-dist/tex/latex/lm/ot1lmr.fd
File: ot1lmr.fd 2015/05/01 v1.6.1 Font defs for Latin Modern
)
LaTeX Font Info:    Trying to load font information for OML+lmm on input line 1
35.

(/usr/local/texlive/2022/texmf-dist/tex/latex/lm/omllmm.fd
File: omllmm.fd 2015/05/01 v1.6.1 Font defs for Latin Modern
)
LaTeX Font Info:    Trying to load font information for OMS+lmsy on input line 
135.

(/usr/local/texlive/2022/texmf-dist/tex/latex/lm/omslmsy.fd
File: omslmsy.fd 2015/05/01 v1.6.1 Font defs for Latin Modern
)
LaTeX Font Info:    Trying to load font information for OMX+lmex on input line 
135.

(/usr/local/texlive/2022/texmf-dist/tex/latex/lm/omxlmex.fd
File: omxlmex.fd 2015/05/01 v1.6.1 Font defs for Latin Modern
)
LaTeX Font Info:    External font `lmex10' loaded for size
(Font)              <12> on input line 135.
LaTeX Font Info:    External font `lmex10' loaded for size
(Font)              <8> on input line 135.
LaTeX Font Info:    External font `lmex10' loaded for size
(Font)              <6> on input line 135.
LaTeX Font Info:    Trying to load font information for U+msa on input line 135
.

(/usr/local/texlive/2022/texmf-dist/tex/latex/amsfonts/umsa.fd
File: umsa.fd 2013/01/14 v3.01 AMS symbols A
)
(/usr/local/texlive/2022/texmf-dist/tex/latex/microtype/mt-msa.cfg
File: mt-msa.cfg 2006/02/04 v1.1 microtype config. file: AMS symbols (a) (RS)
)
LaTeX Font Info:    Trying to load font information for U+msb on input line 135
.

(/usr/local/texlive/2022/texmf-dist/tex/latex/amsfonts/umsb.fd
File: umsb.fd 2013/01/14 v3.01 AMS symbols B
)
(/usr/local/texlive/2022/texmf-dist/tex/latex/microtype/mt-msb.cfg
File: mt-msb.cfg 2005/06/01 v1.0 microtype config. file: AMS symbols (b) (RS)
) [1


{/usr/local/texlive/2022/texmf-var/fonts/map/pdftex/updmap/pdftex.map}] [2

] (./_main.toc
LaTeX Font Info:    External font `lmex10' loaded for size
(Font)              <10> on input line 3.
LaTeX Font Info:    External font `lmex10' loaded for size
(Font)              <7> on input line 3.
LaTeX Font Info:    External font `lmex10' loaded for size
(Font)              <5> on input line 3.
)
\tf@toc=\write4
\openout4 = `_main.toc'.

 [3] [4

] [5] [6

]
Appendix A.
[7]

Package natbib Warning: Citation `sun2018heritability' on page 8 undefined on i
nput line 237.


Package natbib Warning: Citation `de2018bayesian' on page 8 undefined on input 
line 237.

[8]

Package natbib Warning: Citation `sun2020statistical' on page 9 undefined on in
put line 254.


Package natbib Warning: Citation `de2018bayesian' on page 9 undefined on input 
line 259.


Package natbib Warning: Citation `geweke1996measuring' on page 9 undefined on i
nput line 273.


Package natbib Warning: Citation `lopes2004bayesian' on page 9 undefined on inp
ut line 273.


Package natbib Warning: Citation `de2018bayesian' on page 9 undefined on input 
line 278.


Package natbib Warning: Citation `bhattacharya2011sparse' on page 9 undefined o
n input line 278.


Package natbib Warning: Citation `de2018bayesian' on page 9 undefined on input 
line 278.

[9]
Overfull \hbox (18.7627pt too wide) detected at line 292
[]
 []


Package natbib Warning: Citation `de2018bayesian' on page 10 undefined on input
 line 293.


Package natbib Warning: Citation `sun2018heritability' on page 10 undefined on 
input line 298.


Package natbib Warning: Citation `de2018bayesian' on page 10 undefined on input
 line 298.

[10]
Underfull \hbox (badness 1242) in paragraph at lines 343--343
[]\T1/lmr/bx/n/12 (+20) Differences from in-di-vid-ual meth-ods (PQLseq,
 []


Package natbib Warning: Citation `sun2020statistical' on page 11 undefined on i
nput line 345.


Package natbib Warning: Citation `de2018bayesian' on page 11 undefined on input
 line 347.

[11]

Package natbib Warning: Citation `geweke1996measuring' on page 12 undefined on 
input line 357.


Package natbib Warning: Citation `lopes2004bayesian' on page 12 undefined on in
put line 357.

[12]
Appendix B.
<images/Merfish_induced_correlation_final.jpeg, id=164, 1254.6875pt x 953.5625p
t>
File: images/Merfish_induced_correlation_final.jpeg Graphic file (type jpg)
<use images/Merfish_induced_correlation_final.jpeg>
Package pdftex.def Info: images/Merfish_induced_correlation_final.jpeg  used on
 input line 369.
(pdftex.def)             Requested size: 275.99382pt x 209.7553pt.

Package natbib Warning: Citation `sun2020statistical' on page 13 undefined on i
nput line 377.

[13

] [14 <./images/Merfish_induced_correlation_final.jpeg>]

Package natbib Warning: Citation `robert1976unifying' on page 15 undefined on i
nput line 444.


Package natbib Warning: Citation `dryden2009non' on page 15 undefined on input 
line 444.

[15]
<images/Norm_plot_rev.jpg, id=188, 2692.7802pt x 1948.3992pt>
File: images/Norm_plot_rev.jpg Graphic file (type jpg)
<use images/Norm_plot_rev.jpg>
Package pdftex.def Info: images/Norm_plot_rev.jpg  used on input line 491.
(pdftex.def)             Requested size: 275.99121pt x 199.69734pt.


Package natbib Warning: Citation `de2018bayesian' on page 16 undefined on input
 line 501.

<images/Loading_Dimension_plot.jpeg, id=191, 1280.785pt x 953.5625pt>
File: images/Loading_Dimension_plot.jpeg Graphic file (type jpg)
<use images/Loading_Dimension_plot.jpeg>
Package pdftex.def Info: images/Loading_Dimension_plot.jpeg  used on input line
 505.
(pdftex.def)             Requested size: 275.98878pt x 205.47754pt.
[16] [17 <./images/Norm_plot_rev.jpg>]
<images/Median_Loading_plot.jpeg, id=204, 1280.785pt x 953.5625pt>
File: images/Median_Loading_plot.jpeg Graphic file (type jpg)
<use images/Median_Loading_plot.jpeg>
Package pdftex.def Info: images/Median_Loading_plot.jpeg  used on input line 51
4.
(pdftex.def)             Requested size: 275.98878pt x 205.47754pt.
 [18 <./images/Loading_Dimension_plot.jpeg>]
<images/Null_sim_RV_ROC.pdf, id=220, 3055.8909pt x 1512.16946pt>
File: images/Null_sim_RV_ROC.pdf Graphic file (type pdf)
<use images/Null_sim_RV_ROC.pdf>
Package pdftex.def Info: images/Null_sim_RV_ROC.pdf  used on input line 536.
(pdftex.def)             Requested size: 1111.4974pt x 550.0106pt.

Overfull \hbox (766.4974pt too wide) in paragraph at lines 536--537
 [][] 
 []


LaTeX Warning: Float too large for page by 142.0106pt on input line 541.

<images/Null_sim_norm.jpg, id=221, 2486.5698pt x 2275.5414pt>
File: images/Null_sim_norm.jpg Graphic file (type jpg)
<use images/Null_sim_norm.jpg>
Package pdftex.def Info: images/Null_sim_norm.jpg  used on input line 545.
(pdftex.def)             Requested size: 601.0005pt x 549.99524pt.

Overfull \hbox (256.0005pt too wide) in paragraph at lines 545--546
 [][] 
 []


LaTeX Warning: Float too large for page by 95.93967pt on input line 550.

[19 <./images/Median_Loading_plot.jpeg>] [20 <./images/Null_sim_RV_ROC.pdf>]
[21 <./images/Null_sim_norm.jpg>]
<images/Table_6.jpg, id=315, 1027.84pt x 352.31625pt>
File: images/Table_6.jpg Graphic file (type jpg)
<use images/Table_6.jpg>
Package pdftex.def Info: images/Table_6.jpg  used on input line 557.
(pdftex.def)             Requested size: 379.51067pt x 130.08617pt.

Overfull \hbox (34.51067pt too wide) in paragraph at lines 557--557
 [] 
 []

[22 <./images/Table_6.jpg>]
Appendix C.

Package natbib Warning: Citation `Moffitteaau5324' on page 23 undefined on inpu
t line 562.


Package natbib Warning: Citation `staahl2016visualization' on page 23 undefined
 on input line 562.


Package natbib Warning: Citation `Moffitteaau5324' on page 23 undefined on inpu
t line 570.

<images/Merfish_zero_umap.jpg, id=325, 2514.46425pt x 1197.16826pt>
File: images/Merfish_zero_umap.jpg Graphic file (type jpg)
<use images/Merfish_zero_umap.jpg>
Package pdftex.def Info: images/Merfish_zero_umap.jpg  used on input line 574.
(pdftex.def)             Requested size: 310.4705pt x 147.81892pt.

Package natbib Warning: Citation `staahl2016visualization' on page 23 undefined
 on input line 584.

[23

]
<images/BC_zero_umap.jpg, id=338, 2005.43207pt x 1212.63742pt>
File: images/BC_zero_umap.jpg Graphic file (type jpg)
<use images/BC_zero_umap.jpg>
Package pdftex.def Info: images/BC_zero_umap.jpg  used on input line 588.
(pdftex.def)             Requested size: 275.98491pt x 166.88156pt.


Package natbib Warning: Citation `brandes2007modularity' on page 24 undefined o
n input line 598.

<images/merfishCom.png, id=341, 4260.67786pt x 3425.23665pt>
File: images/merfishCom.png Graphic file (type png)
<use images/merfishCom.png>
Package pdftex.def Info: images/merfishCom.png  used on input line 602.
(pdftex.def)             Requested size: 327.72864pt x 263.46704pt.
<images/BC_Com.pdf, id=342, 1960.27351pt x 1803.03618pt>
File: images/BC_Com.pdf Graphic file (type pdf)
<use images/BC_Com.pdf>
Package pdftex.def Info: images/BC_Com.pdf  used on input line 611.
(pdftex.def)             Requested size: 275.9918pt x 253.85397pt.

Package natbib Warning: Citation `gelman2014understanding' on page 24 undefined
 on input line 621.


Package natbib Warning: Citation `akaike1998information' on page 24 undefined o
n input line 621.


Package natbib Warning: Citation `watanabe2013widely' on page 24 undefined on i
nput line 621.


Package natbib Warning: Citation `watanabe2010asymptotic' on page 24 undefined 
on input line 621.


Package natbib Warning: Citation `banerjee2003frailty' on page 24 undefined on 
input line 621.


Package natbib Warning: Citation `banerjee2000geostatistical' on page 24 undefi
ned on input line 621.


Package natbib Warning: Citation `lee2009performance' on page 24 undefined on i
nput line 621.

[24 <./images/Merfish_zero_umap.jpg>]
Overfull \hbox (1.63557pt too wide) has occurred while \output is active
\T1/lmr/m/sl/10 C.3.  BENCHMARKING ON REAL SPATIAL TRANSCRIPTOMICS DATA \T1/lmr
/m/n/10 25
 []

[25 <./images/BC_zero_umap.jpg> <./images/merfishCom.png>] [26 <./images/BC_Com
.pdf>]

Package natbib Warning: Citation `wirth2011expression' on page 27 undefined on 
input line 663.


Package natbib Warning: Citation `weinstein2013cancer' on page 27 undefined on 
input line 663.


Package natbib Warning: Citation `staahl2016visualization' on page 27 undefined
 on input line 663.


Package natbib Warning: Citation `ha2018personalized' on page 27 undefined on i
nput line 663.

[27]

Package natbib Warning: Citation `xu2019role' on page 28 undefined on input lin
e 665.


Package natbib Warning: Citation `karamanou2017lumican' on page 28 undefined on
 input line 665.


Package natbib Warning: Citation `sun2020high' on page 28 undefined on input li
ne 665.


Package natbib Warning: Citation `chen2020emerging' on page 28 undefined on inp
ut line 665.


Package natbib Warning: Citation `mohebi2020expression' on page 28 undefined on
 input line 666.


Package natbib Warning: Citation `tian2005hamming' on page 28 undefined on inpu
t line 671.


Package natbib Warning: Citation `tian2006multicast' on page 28 undefined on in
put line 671.


Package natbib Warning: Citation `ehounou2020minimizing' on page 28 undefined o
n input line 671.


Package natbib Warning: Citation `chen2017single' on page 28 undefined on input
 line 673.


Package natbib Warning: Citation `mickelsen2020cellular' on page 28 undefined o
n input line 673.

[28]
<images/Hamming_distance_Merfish.jpg, id=549, 1026.7158pt x 1003.8303pt>
File: images/Hamming_distance_Merfish.jpg Graphic file (type jpg)
<use images/Hamming_distance_Merfish.jpg>
Package pdftex.def Info: images/Hamming_distance_Merfish.jpg  used on input lin
e 677.
(pdftex.def)             Requested size: 207.00015pt x 202.38612pt.

Overfull \hbox (34.06639pt too wide) has occurred while \output is active
\T1/lmr/m/sl/10 C.6.  NETWORK SIMILARITY BETWEEN CELL-TYPE SPECIFIC NETWORKS \T
1/lmr/m/n/10 29
 []

[29 <./images/Hamming_distance_Merfish.jpg>] [30

]
Appendix D.
LaTeX Font Info:    Trying to load font information for T1+lmtt on input line 6
95.
(/usr/local/texlive/2022/texmf-dist/tex/latex/lm/t1lmtt.fd
File: t1lmtt.fd 2015/05/01 v1.6.1 Font defs for Latin Modern
) [31]
No file _main.bbl.

Package natbib Warning: There were undefined citations.

[32] (./_main.aux) ) 
Here is how much of TeX's memory you used:
 14775 strings out of 478268
 236212 string characters out of 5846347
 564629 words of memory out of 5000000
 32362 multiletter control sequences out of 15000+600000
 556944 words of font info for 198 fonts, out of 8000000 for 9000
 1141 hyphenation exceptions out of 8191
 74i,19n,77p,1947b,368s stack positions out of 10000i,1000n,20000p,200000b,200000s
{/usr/local/texlive/2022/texmf-dist/fonts/enc/dvips/lm/lm-e
c.enc}{/usr/local/texlive/2022/texmf-dist/fonts/enc/dvips/lm/lm-rm.enc}{/usr/lo
cal/texlive/2022/texmf-dist/fonts/enc/dvips/lm/lm-mathsy.enc}{/usr/local/texliv
e/2022/texmf-dist/fonts/enc/dvips/lm/lm-mathex.enc}{/usr/local/texlive/2022/tex
mf-dist/fonts/enc/dvips/lm/lm-mathit.enc}</usr/local/texlive/2022/texmf-dist/fo
nts/type1/public/lm/lmbsy10.pfb></usr/local/texlive/2022/texmf-dist/fonts/type1
/public/lm/lmbx10.pfb></usr/local/texlive/2022/texmf-dist/fonts/type1/public/lm
/lmbx12.pfb></usr/local/texlive/2022/texmf-dist/fonts/type1/public/lm/lmbx7.pfb
></usr/local/texlive/2022/texmf-dist/fonts/type1/public/lm/lmex10.pfb></usr/loc
al/texlive/2022/texmf-dist/fonts/type1/public/lm/lmmi10.pfb></usr/local/texlive
/2022/texmf-dist/fonts/type1/public/lm/lmmi5.pfb></usr/local/texlive/2022/texmf
-dist/fonts/type1/public/lm/lmmi7.pfb></usr/local/texlive/2022/texmf-dist/fonts
/type1/public/lm/lmmib10.pfb></usr/local/texlive/2022/texmf-dist/fonts/type1/pu
blic/lm/lmr10.pfb></usr/local/texlive/2022/texmf-dist/fonts/type1/public/lm/lmr
12.pfb></usr/local/texlive/2022/texmf-dist/fonts/type1/public/lm/lmr17.pfb></us
r/local/texlive/2022/texmf-dist/fonts/type1/public/lm/lmr5.pfb></usr/local/texl
ive/2022/texmf-dist/fonts/type1/public/lm/lmr7.pfb></usr/local/texlive/2022/tex
mf-dist/fonts/type1/public/lm/lmro10.pfb></usr/local/texlive/2022/texmf-dist/fo
nts/type1/public/lm/lmsy10.pfb></usr/local/texlive/2022/texmf-dist/fonts/type1/
public/lm/lmsy5.pfb></usr/local/texlive/2022/texmf-dist/fonts/type1/public/lm/l
msy7.pfb></usr/local/texlive/2022/texmf-dist/fonts/type1/public/lm/lmtt10.pfb><
/usr/local/texlive/2022/texmf-dist/fonts/type1/public/lm/lmtti10.pfb></usr/loca
l/texlive/2022/texmf-dist/fonts/type1/public/amsfonts/symbols/msam10.pfb>
Output written on _main.pdf (32 pages, 20504126 bytes).
PDF statistics:
 779 PDF objects out of 1000 (max. 8388607)
 598 compressed objects within 6 object streams
 118 named destinations out of 1000 (max. 500000)
 47365 words of extra memory for PDF output out of 51595 (max. 10000000)

